0 info it worked if it ends with ok
1 verbose cli [ 'node', '/usr/local/bin/npm', 'publish' ]
2 info using npm@3.3.12
3 info using node@v0.12.2
4 verbose publish [ '.' ]
5 silly cache add args [ '.', null ]
6 verbose cache add spec .
7 silly cache add parsed spec { raw: '.',
7 silly cache add   scope: null,
7 silly cache add   name: null,
7 silly cache add   rawSpec: '.',
7 silly cache add   spec: '/Users/git/npm_escan',
7 silly cache add   type: 'directory' }
8 verbose addLocalDirectory /Users/shunzheng/.npm/escore/1.0.0/package.tgz not in flight; packing
9 info lifecycle escore@1.0.0~prepublish: escore@1.0.0
10 silly lifecycle escore@1.0.0~prepublish: no script for prepublish, continuing
11 verbose tar pack [ '/Users/shunzheng/.npm/escore/1.0.0/package.tgz',
11 verbose tar pack   '/Users/git/npm_escan' ]
12 verbose tarball /Users/shunzheng/.npm/escore/1.0.0/package.tgz
13 verbose folder /Users/git/npm_escan
14 verbose addLocalTarball adding from inside cache /Users/shunzheng/.npm/escore/1.0.0/package.tgz
15 silly cache afterAdd escore@1.0.0
16 verbose afterAdd /Users/shunzheng/.npm/escore/1.0.0/package/package.json not in flight; writing
17 verbose afterAdd /Users/shunzheng/.npm/escore/1.0.0/package/package.json written
18 silly publish { name: 'escore',
18 silly publish   version: '1.0.0',
18 silly publish   description: 'Tool of website performance analysis',
18 silly publish   main: 'index.js',
18 silly publish   dependencies: {},
18 silly publish   devDependencies: { phantomjs: '~1.9.18' },
18 silly publish   scripts: { test: 'phantomjs index.js http://m.baidu.com' },
18 silly publish   bin: { escan: './npm-tools/escan' },
18 silly publish   keywords: [ 'escan', 'performance' ],
18 silly publish   author: { name: 'shun.zheng' },
18 silly publish   license: 'ISC',
18 silly publish   readme: '## Escan网页检测打分工具\n\n基于Phantomjs的页面检测工具，可以帮你发现页面资源、请求、网络等方面存在的一些问题，并对页面进行综合打分。\n\n### 安装\n\n\t$ npm install -g escore\n\n### 使用\n\n\tescore http://url..\n\n',
18 silly publish   readmeFilename: 'README.md',
18 silly publish   _id: 'escore@1.0.0',
18 silly publish   _shasum: 'a5b2422a3106970db635d8c5a121e2f97a2c7822',
18 silly publish   _from: '.' }
19 verbose getPublishConfig undefined
20 silly mapToRegistry name escore
21 silly mapToRegistry using default registry
22 silly mapToRegistry registry https://registry.npmjs.org/
23 silly mapToRegistry uri https://registry.npmjs.org/escore
24 verbose publish registryBase https://registry.npmjs.org/
25 silly publish uploading /Users/shunzheng/.npm/escore/1.0.0/package.tgz
26 verbose request uri https://registry.npmjs.org/escore
27 verbose request sending authorization for write operation
28 info attempt registry request try #1 at 16:47:08
29 verbose request using bearer token for auth
30 verbose request id ec4291b76f505bfa
31 http request PUT https://registry.npmjs.org/escore
32 info retry will retry, error on last attempt: Error: socket hang up
33 info attempt registry request try #2 at 16:48:20
34 verbose request using bearer token for auth
35 http request PUT https://registry.npmjs.org/escore
36 info retry will retry, error on last attempt: Error: socket hang up
37 info attempt registry request try #3 at 16:50:23
38 verbose request using bearer token for auth
39 http request PUT https://registry.npmjs.org/escore
40 verbose request invalidating /Users/shunzheng/.npm/registry.npmjs.org/escore on PUT
41 error publish Failed PUT undefined
42 verbose stack Error: socket hang up
42 verbose stack     at createHangUpError (_http_client.js:215:15)
42 verbose stack     at TLSSocket.socketOnEnd (_http_client.js:300:23)
42 verbose stack     at TLSSocket.emit (events.js:129:20)
42 verbose stack     at _stream_readable.js:908:16
42 verbose stack     at process._tickCallback (node.js:355:11)
43 verbose cwd /Users/git/npm_escan
44 error Darwin 14.3.0
45 error argv "node" "/usr/local/bin/npm" "publish"
46 error node v0.12.2
47 error npm  v3.3.12
48 error code ECONNRESET
49 error network socket hang up
49 error network This is most likely not a problem with npm itself
49 error network and is related to network connectivity.
49 error network In most cases you are behind a proxy or have bad network settings.
49 error network
49 error network If you are behind a proxy, please make sure that the
49 error network 'proxy' config is set properly.  See: 'npm help config'
50 verbose exit [ 1, true ]
